\BOOKMARK [1][-]{section.0.1}{\376\377\004\022\004\022\004\025\004\024\004\025\004\035\004\030\004\025}{}% 1
\BOOKMARK [2][-]{subsection.0.1.1}{\376\377\004\027\004\060\004\064\004\060\004\075\004\070\004\065\000\040\004\075\004\060\000\040\004\072\004\103\004\100\004\101\004\076\004\062\004\103\004\116\000\040\004\100\004\060\004\061\004\076\004\102\004\103}{section.0.1}% 2
\BOOKMARK [2][-]{subsection.0.1.2}{\376\377\004\046\004\065\004\073\004\114\000\040\004\070\000\040\004\067\004\060\004\064\004\060\004\107\004\070\000\040\004\100\004\060\004\061\004\076\004\102\004\113}{section.0.1}% 3
\BOOKMARK [1][-]{section.0.2}{\376\377\004\020\004\035\004\020\004\033\004\030\004\042\004\030\004\047\004\025\004\041\004\032\004\030\004\031\000\040\004\040\004\020\004\027\004\024\004\025\004\033}{}% 4
\BOOKMARK [2][-]{subsection.0.2.1}{\376\377\004\037\004\100\004\065\004\064\004\074\004\065\004\102\004\075\004\060\004\117\000\040\004\076\004\061\004\073\004\060\004\101\004\102\004\114}{section.0.2}% 5
\BOOKMARK [2][-]{subsection.0.2.2}{\376\377\004\041\004\103\004\111\004\075\004\076\004\101\004\102\004\070\000\040\004\077\004\100\004\065\004\064\004\074\004\065\004\102\004\075\004\076\004\071\000\040\004\076\004\061\004\073\004\060\004\101\004\102\004\070}{section.0.2}% 6
\BOOKMARK [2][-]{subsection.0.2.3}{\376\377\004\040\004\060\004\067\004\064\004\065\004\073\004\065\004\075\004\070\004\065\000\040\004\075\004\060\004\063\004\100\004\103\004\067\004\072\004\070\000\040\004\074\004\065\004\066\004\064\004\103\000\040\004\100\004\060\004\061\004\076\004\107\004\070\004\074\004\070\000\040\004\077\004\100\004\076\004\106\004\065\004\101\004\101\004\060\004\074\004\070}{section.0.2}% 7
\BOOKMARK [1][-]{section.0.3}{\376\377\004\032\004\076\004\075\004\101\004\102\004\100\004\103\004\072\004\102\004\076\004\100\004\101\004\072\004\070\004\071\000\040\004\100\004\060\004\067\004\064\004\065\004\073}{}% 8
\BOOKMARK [2][-]{subsection.0.3.1}{\376\377\004\032\004\076\004\075\004\065\004\107\004\075\004\113\004\071\000\040\004\060\004\062\004\102\004\076\004\074\004\060\004\102\000\040\004\101\004\076\004\101\004\102\004\076\004\117\004\075\004\070\004\071\000\040\004\072\004\073\004\070\004\065\004\075\004\102\004\060}{section.0.3}% 9
\BOOKMARK [2][-]{subsection.0.3.2}{\376\377\004\041\004\070\004\075\004\102\004\060\004\072\004\101\004\070\004\101\000\040\004\072\004\076\004\074\004\060\004\075\004\064\000\040\004\077\004\100\004\076\004\102\004\076\004\072\004\076\004\073\004\060}{section.0.3}% 10
\BOOKMARK [1][-]{section.0.4}{\376\377\004\042\004\065\004\105\004\075\004\076\004\073\004\076\004\063\004\070\004\107\004\065\004\101\004\072\004\070\004\071\000\040\004\100\004\060\004\067\004\064\004\065\004\073}{}% 11
\BOOKMARK [2][-]{subsection.0.4.1}{\376\377\004\041\004\061\004\076\004\100\004\072\004\060\000\040\004\077\004\100\004\076\004\063\004\100\004\060\004\074\004\074\004\113}{section.0.4}% 12
\BOOKMARK [2][-]{subsection.0.4.2}{\376\377\004\036\004\101\004\075\004\076\004\062\004\075\004\113\004\065\000\040\004\104\004\103\004\075\004\072\004\106\004\070\004\070\000\040\004\077\004\100\004\076\004\063\004\100\004\060\004\074\004\074\004\113}{section.0.4}% 13
\BOOKMARK [2][-]{subsection.0.4.3}{\376\377\004\044\004\060\004\071\004\073\000\040\000i\000n\000c\000l\000u\000d\000e\000/\000k\000e\000y\000-\000l\000i\000s\000t\000e\000n\000e\000r\000.\000h}{section.0.4}% 14
\BOOKMARK [2][-]{subsection.0.4.4}{\376\377\004\044\004\060\004\071\004\073\000\040\000s\000r\000c\000/\000k\000e\000y\000-\000l\000i\000s\000t\000e\000n\000e\000r\000.\000c}{section.0.4}% 15
\BOOKMARK [2][-]{subsection.0.4.5}{\376\377\004\044\004\060\004\071\004\073\000\040\000i\000n\000c\000l\000u\000d\000e\000/\000l\000o\000g\000.\000h}{section.0.4}% 16
\BOOKMARK [2][-]{subsection.0.4.6}{\376\377\004\044\004\060\004\071\004\073\000\040\000s\000r\000c\000/\000l\000o\000g\000.\000c}{section.0.4}% 17
\BOOKMARK [2][-]{subsection.0.4.7}{\376\377\004\044\004\060\004\071\004\073\000\040\000i\000n\000c\000l\000u\000d\000e\000/\000m\000a\000i\000l\000d\000i\000r\000.\000h}{section.0.4}% 18
\BOOKMARK [2][-]{subsection.0.4.8}{\376\377\004\044\004\060\004\071\004\073\000\040\000s\000r\000c\000/\000m\000a\000i\000l\000d\000i\000r\000.\000c}{section.0.4}% 19
\BOOKMARK [2][-]{subsection.0.4.9}{\376\377\004\044\004\060\004\071\004\073\000\040\000i\000n\000c\000l\000u\000d\000e\000/\000p\000r\000o\000t\000o\000c\000o\000l\000.\000h}{section.0.4}% 20
\BOOKMARK [2][-]{subsection.0.4.10}{\376\377\004\044\004\060\004\071\004\073\000\040\000s\000r\000c\000/\000p\000r\000o\000t\000o\000c\000o\000l\000.\000c}{section.0.4}% 21
\BOOKMARK [2][-]{subsection.0.4.11}{\376\377\004\044\004\060\004\071\004\073\000\040\000i\000n\000c\000l\000u\000d\000e\000/\000r\000e\000g\000e\000x\000p\000.\000h}{section.0.4}% 22
\BOOKMARK [2][-]{subsection.0.4.12}{\376\377\004\044\004\060\004\071\004\073\000\040\000s\000r\000c\000/\000r\000e\000g\000e\000x\000p\000.\000c}{section.0.4}% 23
\BOOKMARK [2][-]{subsection.0.4.13}{\376\377\004\023\004\100\004\060\004\104\004\113\000\040\004\062\004\113\004\067\004\076\004\062\004\060\000\040\004\104\004\103\004\075\004\072\004\106\004\070\004\071}{section.0.4}% 24
\BOOKMARK [1][-]{section.0.5}{\376\377\004\027\004\020\004\032\004\033\004\056\004\047\004\025\004\035\004\030\004\025}{}% 25
